<?xml version="1.0" encoding="UTF-8"?>
<testsuite name="com.lunatech.api.people.peopleapikotlinpoc.PeopleControllerTest" tests="4" skipped="0" failures="0" errors="0" timestamp="2018-10-21T15:38:31" hostname="Muratcans-MacBook-Pro.local" time="0.197">
  <properties/>
  <testcase name="testSaveProject" classname="com.lunatech.api.people.peopleapikotlinpoc.PeopleControllerTest" time="0.19"/>
  <testcase name="testUpdateProject" classname="com.lunatech.api.people.peopleapikotlinpoc.PeopleControllerTest" time="0.002"/>
  <testcase name="testDeleteProject" classname="com.lunatech.api.people.peopleapikotlinpoc.PeopleControllerTest" time="0.002"/>
  <testcase name="testGetAllProjects" classname="com.lunatech.api.people.peopleapikotlinpoc.PeopleControllerTest" time="0.002"/>
  <system-out><![CDATA[]]></system-out>
  <system-err><![CDATA[]]></system-err>
</testsuite>
